TN:
SF:src/app.ts
FN:9,App
FN:16,initializeRoutes
FN:19,interceptionError
FN:22,middlewaresInitialize
FN:26,listen
FNF:5
FNH:4
FNDA:1,App
FNDA:1,initializeRoutes
FNDA:1,interceptionError
FNDA:1,middlewaresInitialize
FNDA:0,listen
DA:1,1
DA:2,1
DA:3,1
DA:4,1
DA:5,1
DA:6,1
DA:7,1
DA:8,1
DA:9,1
DA:10,1
DA:11,1
DA:12,1
DA:13,1
DA:14,1
DA:15,1
DA:16,1
DA:17,1
DA:18,1
DA:19,1
DA:20,1
DA:21,1
DA:22,1
DA:23,1
DA:24,1
DA:25,1
DA:26,1
DA:27,0
DA:28,0
DA:29,1
DA:30,1
LF:30
LH:28
BRDA:9,0,0,1
BRDA:16,1,0,1
BRDA:19,2,0,1
BRDA:22,3,0,1
BRF:4
BRH:4
end_of_record
TN:
SF:src/controllers/EventController.ts
FN:6,EventController
FN:7,create
FN:36,findEventByLocation
FN:51,findEventsByCategory
FN:65,findEventsByName
FN:78,findEventById
FNF:6
FNH:2
FNDA:1,EventController
FNDA:1,create
FNDA:0,findEventByLocation
FNDA:0,findEventsByCategory
FNDA:0,findEventsByName
FNDA:0,findEventById
DA:1,1
DA:2,1
DA:3,1
DA:4,1
DA:5,1
DA:6,1
DA:7,1
DA:8,1
DA:9,1
DA:10,1
DA:11,1
DA:12,1
DA:13,1
DA:14,1
DA:15,1
DA:16,1
DA:17,1
DA:18,1
DA:19,1
DA:20,1
DA:21,1
DA:22,1
DA:23,1
DA:24,1
DA:25,1
DA:26,1
DA:27,1
DA:28,1
DA:29,1
DA:30,1
DA:31,1
DA:32,1
DA:33,0
DA:34,0
DA:35,1
DA:36,1
DA:37,0
DA:38,0
DA:39,0
DA:40,0
DA:41,0
DA:42,0
DA:43,0
DA:44,0
DA:45,0
DA:46,0
DA:47,0
DA:48,0
DA:49,0
DA:50,0
DA:51,1
DA:52,0
DA:53,0
DA:54,0
DA:55,0
DA:56,0
DA:57,0
DA:58,0
DA:59,0
DA:60,0
DA:61,0
DA:62,0
DA:63,0
DA:64,0
DA:65,1
DA:66,0
DA:67,0
DA:68,0
DA:69,0
DA:70,0
DA:71,0
DA:72,0
DA:73,0
DA:74,0
DA:75,0
DA:76,0
DA:77,0
DA:78,1
DA:79,0
DA:80,0
DA:81,0
DA:82,0
DA:83,0
DA:84,0
DA:85,0
DA:86,0
DA:87,0
DA:88,0
DA:89,0
DA:90,0
DA:91,1
DA:92,1
LF:92
LH:39
BRDA:6,0,0,1
BRDA:7,1,0,1
BRDA:32,2,0,0
BRDA:19,3,0,2
BRF:4
BRH:3
end_of_record
TN:
SF:src/infra/database.ts
FN:3,connect
FNF:1
FNH:1
FNDA:1,connect
DA:1,1
DA:2,1
DA:3,1
DA:4,1
DA:5,1
DA:6,1
DA:7,1
DA:8,0
DA:9,0
DA:10,1
LF:10
LH:8
BRDA:3,0,0,1
BRDA:7,1,0,0
BRF:2
BRH:1
end_of_record
TN:
SF:src/infra/multer.ts
FN:10,destination
FN:13,filename
FNF:2
FNH:2
FNDA:3,destination
FNDA:3,filename
DA:1,1
DA:2,1
DA:3,1
DA:4,1
DA:5,1
DA:6,1
DA:7,1
DA:8,1
DA:9,1
DA:10,1
DA:11,3
DA:12,1
DA:13,1
DA:14,3
DA:15,3
DA:16,1
DA:17,1
DA:18,1
DA:19,1
DA:20,1
LF:20
LH:20
BRDA:10,0,0,3
BRDA:13,1,0,3
BRF:2
BRH:2
end_of_record
TN:
SF:src/interfaces/HttpException.ts
FN:4,HttpException
FNF:1
FNH:0
FNDA:0,HttpException
DA:1,1
DA:2,1
DA:3,1
DA:4,1
DA:5,0
DA:6,0
DA:7,0
DA:8,0
DA:9,1
DA:10,1
DA:11,1
LF:11
LH:7
BRF:0
BRH:0
end_of_record
TN:
SF:src/middlewares/error.middleware.ts
FN:4,errorMiddleware
FNF:1
FNH:1
FNDA:1,errorMiddleware
DA:1,1
DA:2,1
DA:3,1
DA:4,1
DA:5,1
DA:6,1
DA:7,1
DA:8,1
DA:9,1
DA:10,1
DA:11,1
DA:12,1
DA:13,1
DA:14,1
DA:15,1
DA:16,1
DA:17,1
LF:17
LH:17
BRDA:4,0,0,1
BRDA:10,1,0,0
BRDA:11,2,0,0
BRF:3
BRH:1
end_of_record
TN:
SF:src/repositories/EventRepositoryMongoose.ts
FN:34,add
FN:40,findByLocationAndData
FN:48,findEventById
FN:53,findEventsByCity
FN:58,findEventsByCategory
FN:63,findEventsByName
FNF:6
FNH:2
FNDA:1,add
FNDA:1,findByLocationAndData
FNDA:0,findEventById
FNDA:0,findEventsByCity
FNDA:0,findEventsByCategory
FNDA:0,findEventsByName
DA:1,1
DA:2,1
DA:3,1
DA:4,1
DA:5,1
DA:6,1
DA:7,1
DA:8,1
DA:9,1
DA:10,1
DA:11,1
DA:12,1
DA:13,1
DA:14,1
DA:15,1
DA:16,1
DA:17,1
DA:18,1
DA:19,1
DA:20,1
DA:21,1
DA:22,1
DA:23,1
DA:24,1
DA:25,1
DA:26,1
DA:27,1
DA:28,1
DA:29,1
DA:30,1
DA:31,1
DA:32,1
DA:33,1
DA:34,1
DA:35,1
DA:36,1
DA:37,1
DA:38,1
DA:39,1
DA:40,1
DA:41,1
DA:42,1
DA:43,1
DA:44,1
DA:45,1
DA:46,1
DA:47,1
DA:48,1
DA:49,0
DA:50,0
DA:51,0
DA:52,0
DA:53,1
DA:54,0
DA:55,0
DA:56,0
DA:57,0
DA:58,1
DA:59,0
DA:60,0
DA:61,0
DA:62,0
DA:63,1
DA:64,0
DA:65,0
DA:66,0
DA:67,0
DA:68,0
DA:69,0
DA:70,0
DA:71,0
DA:72,0
DA:73,1
DA:74,1
LF:74
LH:53
BRDA:34,0,0,1
BRDA:40,1,0,1
BRDA:46,2,0,0
BRF:3
BRH:2
end_of_record
TN:
SF:src/routers/event.routers.ts
FN:10,EventRoutes
FN:17,initRoutes
FNF:2
FNH:2
FNDA:1,EventRoutes
FNDA:1,initRoutes
DA:1,1
DA:2,1
DA:3,1
DA:4,1
DA:5,1
DA:6,1
DA:7,1
DA:8,1
DA:9,1
DA:10,1
DA:11,1
DA:12,1
DA:13,1
DA:14,1
DA:15,1
DA:16,1
DA:17,1
DA:18,1
DA:19,1
DA:20,1
DA:21,1
DA:22,1
DA:23,1
DA:24,1
DA:25,1
DA:26,1
DA:27,1
DA:28,1
DA:29,1
DA:30,1
DA:31,1
DA:32,1
DA:33,1
DA:34,1
DA:35,1
DA:36,1
DA:37,1
DA:38,1
DA:39,1
DA:40,1
DA:41,1
DA:42,1
DA:43,1
LF:43
LH:43
BRDA:10,0,0,1
BRDA:17,1,0,1
BRF:2
BRH:2
end_of_record
TN:
SF:src/useCases/EventUseCase.ts
FN:7,EventUseCase
FN:9,create
FN:38,findEventByLocation
FN:57,findEventsByCategory
FN:63,findEventsByName
FN:69,findEventById
FN:76,getCityNameByCoordinates
FN:95,calculateDistance
FN:114,deg2rad
FNF:9
FNH:6
FNDA:2,EventUseCase
FNDA:1,create
FNDA:0,findEventByLocation
FNDA:1,findEventsByCategory
FNDA:1,findEventsByName
FNDA:1,findEventById
FNDA:1,getCityNameByCoordinates
FNDA:0,calculateDistance
FNDA:0,deg2rad
DA:1,1
DA:2,1
DA:3,1
DA:4,1
DA:5,1
DA:6,1
DA:7,1
DA:8,1
DA:9,1
DA:10,1
DA:11,0
DA:12,0
DA:13,1
DA:14,1
DA:15,1
DA:16,1
DA:17,1
DA:18,1
DA:19,1
DA:20,1
DA:21,1
DA:22,1
DA:23,1
DA:24,1
DA:25,1
DA:26,1
DA:27,1
DA:28,1
DA:29,1
DA:30,1
DA:31,1
DA:32,1
DA:33,1
DA:34,1
DA:35,1
DA:36,1
DA:37,1
DA:38,1
DA:39,0
DA:40,0
DA:41,0
DA:42,0
DA:43,0
DA:44,0
DA:45,0
DA:46,0
DA:47,0
DA:48,0
DA:49,0
DA:50,0
DA:51,0
DA:52,0
DA:53,0
DA:54,0
DA:55,0
DA:56,1
DA:57,1
DA:58,1
DA:59,1
DA:60,1
DA:61,1
DA:62,1
DA:63,1
DA:64,1
DA:65,1
DA:66,1
DA:67,1
DA:68,1
DA:69,1
DA:70,1
DA:71,1
DA:72,1
DA:73,1
DA:74,1
DA:75,1
DA:76,1
DA:77,1
DA:78,1
DA:79,1
DA:80,1
DA:81,1
DA:82,1
DA:83,1
DA:84,1
DA:85,4
DA:86,1
DA:87,1
DA:88,1
DA:89,1
DA:90,0
DA:91,0
DA:92,0
DA:93,0
DA:94,1
DA:95,1
DA:96,0
DA:97,0
DA:98,0
DA:99,0
DA:100,0
DA:101,0
DA:102,0
DA:103,0
DA:104,0
DA:105,0
DA:106,0
DA:107,0
DA:108,0
DA:109,0
DA:110,0
DA:111,0
DA:112,0
DA:113,0
DA:114,1
DA:115,0
DA:116,0
DA:117,1
DA:118,1
DA:119,1
LF:119
LH:76
BRDA:7,0,0,2
BRDA:9,1,0,1
BRDA:10,2,0,0
BRDA:13,3,0,0
BRDA:14,4,0,0
BRDA:17,5,0,0
BRDA:23,6,0,0
BRDA:57,7,0,1
BRDA:58,8,0,0
BRDA:63,9,0,1
BRDA:64,10,0,0
BRDA:69,11,0,1
BRDA:70,12,0,0
BRDA:76,13,0,1
BRDA:90,14,0,0
BRDA:84,15,0,4
BRDA:85,16,0,1
BRF:17
BRH:8
end_of_record
